[1.147s] Invoking command in '/app/src/task01': PYTHONPATH=/app/build/task01/prefix_override:/usr/lib/python3/dist-packages/colcon_core/task/python/colcon_distutils_commands:/app/install/task01/lib/python3.10/site-packages:${PYTHONPATH} /usr/bin/python3 -W ignore:setup.py install is deprecated setup.py egg_info --egg-base ../../build/task01 build --build-base /app/build/task01/build install --record /app/build/task01/install.log --single-version-externally-managed install_data
[1.772s] running egg_info
[1.777s] writing ../../build/task01/task01.egg-info/PKG-INFO
[1.783s] writing dependency_links to ../../build/task01/task01.egg-info/dependency_links.txt
[1.789s] writing entry points to ../../build/task01/task01.egg-info/entry_points.txt
[1.793s] writing requirements to ../../build/task01/task01.egg-info/requires.txt
[1.796s] writing top-level names to ../../build/task01/task01.egg-info/top_level.txt
[1.827s] reading manifest file '../../build/task01/task01.egg-info/SOURCES.txt'
[1.886s] writing manifest file '../../build/task01/task01.egg-info/SOURCES.txt'
[1.888s] running build
[1.889s] running build_py
[1.915s] running install
[1.915s] running install_lib
[1.992s] running install_data
[2.022s] copying launch/task01.launch -> /app/install/task01/share/task01/launch
[2.036s] running install_egg_info
[2.051s] Copying ../../build/task01/task01.egg-info to /app/install/task01/lib/python3.10/site-packages/task01-0.0.0-py3.10.egg-info
[2.262s] running install_scripts
[2.326s] Installing receiver script to /app/install/task01/lib/task01
[2.339s] writing list of installed files to '/app/build/task01/install.log'
[2.371s] Invoked command in '/app/src/task01' returned '0': PYTHONPATH=/app/build/task01/prefix_override:/usr/lib/python3/dist-packages/colcon_core/task/python/colcon_distutils_commands:/app/install/task01/lib/python3.10/site-packages:${PYTHONPATH} /usr/bin/python3 -W ignore:setup.py install is deprecated setup.py egg_info --egg-base ../../build/task01 build --build-base /app/build/task01/build install --record /app/build/task01/install.log --single-version-externally-managed install_data
